<?xml version="1.0" encoding="UTF-8"?>
<testsuite name="SpaceMarineTest" tests="2" skipped="0" failures="0" errors="0" timestamp="2023-02-25T10:54:01" hostname="LAPTOP-KHFL9B9N" time="0.006">
  <properties/>
  <testcase name="compareTo()" classname="SpaceMarineTest" time="0.001"/>
  <testcase name="getDate()" classname="SpaceMarineTest" time="0.005"/>
  <system-out><![CDATA[2023-02-25
]]></system-out>
  <system-err><![CDATA[]]></system-err>
</testsuite>
