<?xml version="1.0" encoding="UTF-8"?>
<testsuite name="MainKtTest" tests="4" skipped="0" failures="0" errors="0" timestamp="2023-02-24T16:47:48" hostname="LAPTOP-KHFL9B9N" time="0.116">
  <properties/>
  <testcase name="help()" classname="MainKtTest" time="0.101"/>
  <testcase name="show()" classname="MainKtTest" time="0.003"/>
  <testcase name="clear()" classname="MainKtTest" time="0.002"/>
  <testcase name="addElement()" classname="MainKtTest" time="0.009"/>
  <system-out><![CDATA[Loaded 2 elements successfully
Loaded 2 elements successfully
Loaded 2 elements successfully
nofile (The system cannot find the file specified)
Enter name of the new Space Marine: Enter value of X: Enter value of Y: Enter health value (\null for null value): Enter loyalty [true / false]: Enter Astartes category from the list: 
INCEPTOR
TACTICAL
CHAPLAIN
HELIX
APOTHECARY
Enter Weapon category from the list: 
POWER_SWORD
LIGHTING_CLAW
POWER_FIST
Enter name of the Chapter: Enter amount of Space Marines: ]]></system-out>
  <system-err><![CDATA[]]></system-err>
</testsuite>
